<?xml version="1.0" encoding="UTF-8"?>
<!-- Generated by org.testng.reporters.JUnitReportReporter -->
<testsuite hostname="HP-PC" failures="0" tests="4" name="com.training.sanity.tests.LoginTests" time="228.207" errors="0" timestamp="2020-10-20T20:16:35 IST" skipped="0">
  <testcase classname="com.training.sanity.tests.LoginTests" name="validLoginTest" time="9.254"/>
  <system-out/>
  <testcase classname="com.training.sanity.tests.LoginTests" name="validSalesPage" time="62.112"/>
  <system-out/>
  <testcase classname="com.training.sanity.tests.LoginTests" name="validCustomerPage" time="115.327"/>
  <system-out/>
  <testcase classname="com.training.sanity.tests.LoginTests" name="validOderPage" time="41.514"/>
  <system-out/>
</testsuite> <!-- com.training.sanity.tests.LoginTests -->
